Analysis & Synthesis report for top
Thu Mar 07 19:14:32 2019
Quartus Prime Version 18.1.0 Build 625 09/12/2018 SJ Lite Edition


---------------------
; Table of Contents ;
---------------------
  1. Legal Notice
  2. Analysis & Synthesis Summary
  3. Analysis & Synthesis Settings
  4. Parallel Compilation
  5. Analysis & Synthesis Source Files Read
  6. Analysis & Synthesis Resource Usage Summary
  7. Analysis & Synthesis Resource Utilization by Entity
  8. Registers Removed During Synthesis
  9. General Register Statistics
 10. Port Connectivity Checks: "char_decoder:C5"
 11. Post-Synthesis Netlist Statistics for Top Partition
 12. Elapsed Time Per Partition
 13. Analysis & Synthesis Messages



----------------
; Legal Notice ;
----------------
Copyright (C) 2018  Intel Corporation. All rights reserved.
Your use of Intel Corporation's design tools, logic functions 
and other software and tools, and its AMPP partner logic 
functions, and any output files from any of the foregoing 
(including device programming or simulation files), and any 
associated documentation or information are expressly subject 
to the terms and conditions of the Intel Program License 
Subscription Agreement, the Intel Quartus Prime License Agreement,
the Intel FPGA IP License Agreement, or other applicable license
agreement, including, without limitation, that your use is for
the sole purpose of programming logic devices manufactured by
Intel and sold by Intel or its authorized distributors.  Please
refer to the applicable agreement for further details.



+-------------------------------------------------------------------------------+
; Analysis & Synthesis Summary                                                  ;
+---------------------------------+---------------------------------------------+
; Analysis & Synthesis Status     ; Successful - Thu Mar 07 19:14:32 2019       ;
; Quartus Prime Version           ; 18.1.0 Build 625 09/12/2018 SJ Lite Edition ;
; Revision Name                   ; top                                         ;
; Top-level Entity Name           ; top                                         ;
; Family                          ; Cyclone V                                   ;
; Logic utilization (in ALMs)     ; N/A                                         ;
; Total registers                 ; 33                                          ;
; Total pins                      ; 73                                          ;
; Total virtual pins              ; 0                                           ;
; Total block memory bits         ; 0                                           ;
; Total DSP Blocks                ; 0                                           ;
; Total HSSI RX PCSs              ; 0                                           ;
; Total HSSI PMA RX Deserializers ; 0                                           ;
; Total HSSI TX PCSs              ; 0                                           ;
; Total HSSI PMA TX Serializers   ; 0                                           ;
; Total PLLs                      ; 0                                           ;
; Total DLLs                      ; 0                                           ;
+---------------------------------+---------------------------------------------+


+---------------------------------------------------------------------------------------------------------------------------+
; Analysis & Synthesis Settings                                                                                             ;
+---------------------------------------------------------------------------------+--------------------+--------------------+
; Option                                                                          ; Setting            ; Default Value      ;
+---------------------------------------------------------------------------------+--------------------+--------------------+
; Device                                                                          ; 5CEBA4F23C7        ;                    ;
; Top-level entity name                                                           ; top                ; top                ;
; Family name                                                                     ; Cyclone V          ; Cyclone V          ;
; Use smart compilation                                                           ; Off                ; Off                ;
; Enable parallel Assembler and Timing Analyzer during compilation                ; On                 ; On                 ;
; Enable compact report table                                                     ; Off                ; Off                ;
; Restructure Multiplexers                                                        ; Auto               ; Auto               ;
; MLAB Add Timing Constraints For Mixed-Port Feed-Through Mode Setting Don't Care ; Off                ; Off                ;
; Create Debugging Nodes for IP Cores                                             ; Off                ; Off                ;
; Preserve fewer node names                                                       ; On                 ; On                 ;
; Intel FPGA IP Evaluation Mode                                                   ; Enable             ; Enable             ;
; Verilog Version                                                                 ; Verilog_2001       ; Verilog_2001       ;
; VHDL Version                                                                    ; VHDL_1993          ; VHDL_1993          ;
; State Machine Processing                                                        ; Auto               ; Auto               ;
; Safe State Machine                                                              ; Off                ; Off                ;
; Extract Verilog State Machines                                                  ; On                 ; On                 ;
; Extract VHDL State Machines                                                     ; On                 ; On                 ;
; Ignore Verilog initial constructs                                               ; Off                ; Off                ;
; Iteration limit for constant Verilog loops                                      ; 5000               ; 5000               ;
; Iteration limit for non-constant Verilog loops                                  ; 250                ; 250                ;
; Add Pass-Through Logic to Inferred RAMs                                         ; On                 ; On                 ;
; Infer RAMs from Raw Logic                                                       ; On                 ; On                 ;
; Parallel Synthesis                                                              ; On                 ; On                 ;
; DSP Block Balancing                                                             ; Auto               ; Auto               ;
; NOT Gate Push-Back                                                              ; On                 ; On                 ;
; Power-Up Don't Care                                                             ; On                 ; On                 ;
; Remove Redundant Logic Cells                                                    ; Off                ; Off                ;
; Remove Duplicate Registers                                                      ; On                 ; On                 ;
; Ignore CARRY Buffers                                                            ; Off                ; Off                ;
; Ignore CASCADE Buffers                                                          ; Off                ; Off                ;
; Ignore GLOBAL Buffers                                                           ; Off                ; Off                ;
; Ignore ROW GLOBAL Buffers                                                       ; Off                ; Off                ;
; Ignore LCELL Buffers                                                            ; Off                ; Off                ;
; Ignore SOFT Buffers                                                             ; On                 ; On                 ;
; Limit AHDL Integers to 32 Bits                                                  ; Off                ; Off                ;
; Optimization Technique                                                          ; Balanced           ; Balanced           ;
; Carry Chain Length                                                              ; 70                 ; 70                 ;
; Auto Carry Chains                                                               ; On                 ; On                 ;
; Auto Open-Drain Pins                                                            ; On                 ; On                 ;
; Perform WYSIWYG Primitive Resynthesis                                           ; Off                ; Off                ;
; Auto ROM Replacement                                                            ; On                 ; On                 ;
; Auto RAM Replacement                                                            ; On                 ; On                 ;
; Auto DSP Block Replacement                                                      ; On                 ; On                 ;
; Auto Shift Register Replacement                                                 ; Auto               ; Auto               ;
; Allow Shift Register Merging across Hierarchies                                 ; Auto               ; Auto               ;
; Auto Clock Enable Replacement                                                   ; On                 ; On                 ;
; Strict RAM Replacement                                                          ; Off                ; Off                ;
; Allow Synchronous Control Signals                                               ; On                 ; On                 ;
; Force Use of Synchronous Clear Signals                                          ; Off                ; Off                ;
; Auto Resource Sharing                                                           ; Off                ; Off                ;
; Allow Any RAM Size For Recognition                                              ; Off                ; Off                ;
; Allow Any ROM Size For Recognition                                              ; Off                ; Off                ;
; Allow Any Shift Register Size For Recognition                                   ; Off                ; Off                ;
; Use LogicLock Constraints during Resource Balancing                             ; On                 ; On                 ;
; Ignore translate_off and synthesis_off directives                               ; Off                ; Off                ;
; Timing-Driven Synthesis                                                         ; On                 ; On                 ;
; Report Parameter Settings                                                       ; On                 ; On                 ;
; Report Source Assignments                                                       ; On                 ; On                 ;
; Report Connectivity Checks                                                      ; On                 ; On                 ;
; Ignore Maximum Fan-Out Assignments                                              ; Off                ; Off                ;
; Synchronization Register Chain Length                                           ; 3                  ; 3                  ;
; Power Optimization During Synthesis                                             ; Normal compilation ; Normal compilation ;
; HDL message level                                                               ; Level2             ; Level2             ;
; Suppress Register Optimization Related Messages                                 ; Off                ; Off                ;
; Number of Removed Registers Reported in Synthesis Report                        ; 5000               ; 5000               ;
; Number of Swept Nodes Reported in Synthesis Report                              ; 5000               ; 5000               ;
; Number of Inverted Registers Reported in Synthesis Report                       ; 100                ; 100                ;
; Clock MUX Protection                                                            ; On                 ; On                 ;
; Auto Gated Clock Conversion                                                     ; Off                ; Off                ;
; Block Design Naming                                                             ; Auto               ; Auto               ;
; SDC constraint protection                                                       ; Off                ; Off                ;
; Synthesis Effort                                                                ; Auto               ; Auto               ;
; Shift Register Replacement - Allow Asynchronous Clear Signal                    ; On                 ; On                 ;
; Pre-Mapping Resynthesis Optimization                                            ; Off                ; Off                ;
; Analysis & Synthesis Message Level                                              ; Medium             ; Medium             ;
; Disable Register Merging Across Hierarchies                                     ; Auto               ; Auto               ;
; Resource Aware Inference For Block RAM                                          ; On                 ; On                 ;
; Automatic Parallel Synthesis                                                    ; On                 ; On                 ;
; Partial Reconfiguration Bitstream ID                                            ; Off                ; Off                ;
+---------------------------------------------------------------------------------+--------------------+--------------------+


+------------------------------------------+
; Parallel Compilation                     ;
+----------------------------+-------------+
; Processors                 ; Number      ;
+----------------------------+-------------+
; Number detected on machine ; 4           ;
; Maximum allowed            ; 4           ;
;                            ;             ;
; Average used               ; 1.00        ;
; Maximum used               ; 4           ;
;                            ;             ;
; Usage by Processor         ; % Time Used ;
;     Processor 1            ; 100.0%      ;
;     Processors 2-4         ;   0.0%      ;
+----------------------------+-------------+


+----------------------------------------------------------------------------------------------------------------------------------------------+
; Analysis & Synthesis Source Files Read                                                                                                       ;
+----------------------------------+-----------------+-----------------+-------------------------------------------------------------+---------+
; File Name with User-Entered Path ; Used in Netlist ; File Type       ; File Name with Absolute Path                                ; Library ;
+----------------------------------+-----------------+-----------------+-------------------------------------------------------------+---------+
; top.vhd                          ; yes             ; User VHDL File  ; C:/Users/Josh/Documents/HW/EELE/Lab/10.1/top.vhd            ;         ;
; char_decoder.vhd                 ; yes             ; User VHDL File  ; C:/Users/Josh/Documents/HW/EELE/Lab/10.1/char_decoder.vhd   ;         ;
; clock_div_prec.vhd               ; yes             ; User VHDL File  ; C:/Users/Josh/Documents/HW/EELE/Lab/10.1/clock_div_prec.vhd ;         ;
; rom_64x8_sync.vhd                ; yes             ; User VHDL File  ; C:/Users/Josh/Documents/HW/EELE/Lab/10.1/rom_64x8_sync.vhd  ;         ;
+----------------------------------+-----------------+-----------------+-------------------------------------------------------------+---------+


+--------------------------------------------------------------+
; Analysis & Synthesis Resource Usage Summary                  ;
+---------------------------------------------+----------------+
; Resource                                    ; Usage          ;
+---------------------------------------------+----------------+
; Estimate of Logic utilization (ALMs needed) ; 36             ;
;                                             ;                ;
; Combinational ALUT usage for logic          ; 54             ;
;     -- 7 input functions                    ; 1              ;
;     -- 6 input functions                    ; 16             ;
;     -- 5 input functions                    ; 3              ;
;     -- 4 input functions                    ; 2              ;
;     -- <=3 input functions                  ; 32             ;
;                                             ;                ;
; Dedicated logic registers                   ; 33             ;
;                                             ;                ;
; I/O pins                                    ; 73             ;
;                                             ;                ;
; Total DSP Blocks                            ; 0              ;
;                                             ;                ;
; Maximum fan-out node                        ; Clock_50~input ;
; Maximum fan-out                             ; 33             ;
; Total fan-out                               ; 393            ;
; Average fan-out                             ; 1.69           ;
+---------------------------------------------+----------------+


+-----------------------------------------------------------------------------------------------------------------------------------------------------------------------------------------------+
; Analysis & Synthesis Resource Utilization by Entity                                                                                                                                           ;
+----------------------------+---------------------+---------------------------+-------------------+------------+------+--------------+-------------------------+----------------+--------------+
; Compilation Hierarchy Node ; Combinational ALUTs ; Dedicated Logic Registers ; Block Memory Bits ; DSP Blocks ; Pins ; Virtual Pins ; Full Hierarchy Name     ; Entity Name    ; Library Name ;
+----------------------------+---------------------+---------------------------+-------------------+------------+------+--------------+-------------------------+----------------+--------------+
; |top                       ; 54 (0)              ; 33 (0)                    ; 0                 ; 0          ; 73   ; 0            ; |top                    ; top            ; work         ;
;    |clock_div_prec:clk|    ; 54 (54)             ; 33 (33)                   ; 0                 ; 0          ; 0    ; 0            ; |top|clock_div_prec:clk ; clock_div_prec ; work         ;
+----------------------------+---------------------+---------------------------+-------------------+------------+------+--------------+-------------------------+----------------+--------------+
Note: For table entries with two numbers listed, the numbers in parentheses indicate the number of resources of the given type used by the specific entity alone. The numbers listed outside of parentheses indicate the total resources of the given type used by the specific entity and all of its sub-entities in the hierarchy.


+-----------------------------------------------------------------------------------+
; Registers Removed During Synthesis                                                ;
+---------------------------------------+-------------------------------------------+
; Register name                         ; Reason for Removal                        ;
+---------------------------------------+-------------------------------------------+
; rom_64x8_sync:ROM|Data_Out[4]         ; Merged with rom_64x8_sync:ROM|Data_Out[0] ;
; rom_64x8_sync:ROM|Data_Out[5]         ; Merged with rom_64x8_sync:ROM|Data_Out[1] ;
; rom_64x8_sync:ROM|Data_Out[6]         ; Merged with rom_64x8_sync:ROM|Data_Out[2] ;
; rom_64x8_sync:ROM|Data_Out[7]         ; Merged with rom_64x8_sync:ROM|Data_Out[3] ;
; rom_64x8_sync:ROM|Data_Out[0..3]      ; Stuck at GND due to stuck port data_in    ;
; Total Number of Removed Registers = 8 ;                                           ;
+---------------------------------------+-------------------------------------------+


+------------------------------------------------------+
; General Register Statistics                          ;
+----------------------------------------------+-------+
; Statistic                                    ; Value ;
+----------------------------------------------+-------+
; Total registers                              ; 33    ;
; Number of registers using Synchronous Clear  ; 30    ;
; Number of registers using Synchronous Load   ; 0     ;
; Number of registers using Asynchronous Clear ; 33    ;
; Number of registers using Asynchronous Load  ; 0     ;
; Number of registers using Clock Enable       ; 0     ;
; Number of registers using Preset             ; 0     ;
+----------------------------------------------+-------+


+------------------------------------------------+
; Port Connectivity Checks: "char_decoder:C5"    ;
+--------------+-------+----------+--------------+
; Port         ; Type  ; Severity ; Details      ;
+--------------+-------+----------+--------------+
; bin_in[3..2] ; Input ; Info     ; Stuck at GND ;
+--------------+-------+----------+--------------+


+-----------------------------------------------------+
; Post-Synthesis Netlist Statistics for Top Partition ;
+-----------------------+-----------------------------+
; Type                  ; Count                       ;
+-----------------------+-----------------------------+
; arriav_ff             ; 33                          ;
;     CLR               ; 3                           ;
;     CLR SCLR          ; 30                          ;
; arriav_lcell_comb     ; 56                          ;
;     arith             ; 32                          ;
;         1 data inputs ; 32                          ;
;     extend            ; 1                           ;
;         7 data inputs ; 1                           ;
;     normal            ; 23                          ;
;         0 data inputs ; 2                           ;
;         4 data inputs ; 2                           ;
;         5 data inputs ; 3                           ;
;         6 data inputs ; 16                          ;
; boundary_port         ; 73                          ;
;                       ;                             ;
; Max LUT depth         ; 5.10                        ;
; Average LUT depth     ; 3.66                        ;
+-----------------------+-----------------------------+


+-------------------------------+
; Elapsed Time Per Partition    ;
+----------------+--------------+
; Partition Name ; Elapsed Time ;
+----------------+--------------+
; Top            ; 00:00:01     ;
+----------------+--------------+


+-------------------------------+
; Analysis & Synthesis Messages ;
+-------------------------------+
Info: *******************************************************************
Info: Running Quartus Prime Analysis & Synthesis
    Info: Version 18.1.0 Build 625 09/12/2018 SJ Lite Edition
    Info: Processing started: Thu Mar 07 19:14:12 2019
Info: Command: quartus_map --read_settings_files=on --write_settings_files=off Lab_10p1_ROM_memory -c top
Warning (18236): Number of processors has not been specified which may cause overloading on shared machines.  Set the global assignment NUM_PARALLEL_PROCESSORS in your QSF to an appropriate value for best performance.
Info (20030): Parallel compilation is enabled and will use 4 of the 4 processors detected
Info (12021): Found 2 design units, including 1 entities, in source file top.vhd
    Info (12022): Found design unit 1: top-top_arch File: C:/Users/Josh/Documents/HW/EELE/Lab/10.1/top.vhd Line: 20
    Info (12023): Found entity 1: top File: C:/Users/Josh/Documents/HW/EELE/Lab/10.1/top.vhd Line: 5
Info (12021): Found 2 design units, including 1 entities, in source file char_decoder.vhd
    Info (12022): Found design unit 1: char_decoder-char_decoder_arch File: C:/Users/Josh/Documents/HW/EELE/Lab/10.1/char_decoder.vhd Line: 10
    Info (12023): Found entity 1: char_decoder File: C:/Users/Josh/Documents/HW/EELE/Lab/10.1/char_decoder.vhd Line: 4
Info (12021): Found 2 design units, including 1 entities, in source file dflipflop.vhd
    Info (12022): Found design unit 1: dflipflop-dflipflopr_arch File: C:/Users/Josh/Documents/HW/EELE/Lab/10.1/dflipflop.vhd Line: 12
    Info (12023): Found entity 1: dflipflop File: C:/Users/Josh/Documents/HW/EELE/Lab/10.1/dflipflop.vhd Line: 4
Info (12021): Found 2 design units, including 1 entities, in source file clock_div_2ton.vhd
    Info (12022): Found design unit 1: clock_div_2ton-clock_div_2ton_arch File: C:/Users/Josh/Documents/HW/EELE/Lab/10.1/clock_div_2ton.vhd Line: 13
    Info (12023): Found entity 1: clock_div_2ton File: C:/Users/Josh/Documents/HW/EELE/Lab/10.1/clock_div_2ton.vhd Line: 5
Info (12021): Found 2 design units, including 1 entities, in source file clock_div_prec.vhd
    Info (12022): Found design unit 1: clock_div_prec-clock_div_prec_arch File: C:/Users/Josh/Documents/HW/EELE/Lab/10.1/clock_div_prec.vhd Line: 13
    Info (12023): Found entity 1: clock_div_prec File: C:/Users/Josh/Documents/HW/EELE/Lab/10.1/clock_div_prec.vhd Line: 5
Info (12021): Found 2 design units, including 1 entities, in source file rom_64x8_sync.vhd
    Info (12022): Found design unit 1: rom_64x8_sync-rom_64x8_sync_arch File: C:/Users/Josh/Documents/HW/EELE/Lab/10.1/rom_64x8_sync.vhd Line: 11
    Info (12023): Found entity 1: rom_64x8_sync File: C:/Users/Josh/Documents/HW/EELE/Lab/10.1/rom_64x8_sync.vhd Line: 5
Info (12127): Elaborating entity "top" for the top level hierarchy
Warning (10541): VHDL Signal Declaration warning at top.vhd(25): used implicit default value for signal "address" because signal was never assigned a value or an explicit default value. Use of implicit default value may introduce unintended design optimizations. File: C:/Users/Josh/Documents/HW/EELE/Lab/10.1/top.vhd Line: 25
Warning (10873): Using initial value X (don't care) for net "LEDR[9..1]" at top.vhd(10) File: C:/Users/Josh/Documents/HW/EELE/Lab/10.1/top.vhd Line: 10
Info (12128): Elaborating entity "rom_64x8_sync" for hierarchy "rom_64x8_sync:ROM" File: C:/Users/Josh/Documents/HW/EELE/Lab/10.1/top.vhd Line: 51
Info (12128): Elaborating entity "clock_div_prec" for hierarchy "clock_div_prec:clk" File: C:/Users/Josh/Documents/HW/EELE/Lab/10.1/top.vhd Line: 53
Info (12128): Elaborating entity "char_decoder" for hierarchy "char_decoder:C0" File: C:/Users/Josh/Documents/HW/EELE/Lab/10.1/top.vhd Line: 73
Warning (13024): Output pins are stuck at VCC or GND
    Warning (13410): Pin "LEDR[1]" is stuck at GND File: C:/Users/Josh/Documents/HW/EELE/Lab/10.1/top.vhd Line: 10
    Warning (13410): Pin "LEDR[2]" is stuck at GND File: C:/Users/Josh/Documents/HW/EELE/Lab/10.1/top.vhd Line: 10
    Warning (13410): Pin "LEDR[3]" is stuck at GND File: C:/Users/Josh/Documents/HW/EELE/Lab/10.1/top.vhd Line: 10
    Warning (13410): Pin "LEDR[4]" is stuck at GND File: C:/Users/Josh/Documents/HW/EELE/Lab/10.1/top.vhd Line: 10
    Warning (13410): Pin "LEDR[5]" is stuck at GND File: C:/Users/Josh/Documents/HW/EELE/Lab/10.1/top.vhd Line: 10
    Warning (13410): Pin "LEDR[6]" is stuck at GND File: C:/Users/Josh/Documents/HW/EELE/Lab/10.1/top.vhd Line: 10
    Warning (13410): Pin "LEDR[7]" is stuck at GND File: C:/Users/Josh/Documents/HW/EELE/Lab/10.1/top.vhd Line: 10
    Warning (13410): Pin "LEDR[8]" is stuck at GND File: C:/Users/Josh/Documents/HW/EELE/Lab/10.1/top.vhd Line: 10
    Warning (13410): Pin "LEDR[9]" is stuck at GND File: C:/Users/Josh/Documents/HW/EELE/Lab/10.1/top.vhd Line: 10
    Warning (13410): Pin "HEX0[0]" is stuck at GND File: C:/Users/Josh/Documents/HW/EELE/Lab/10.1/top.vhd Line: 11
    Warning (13410): Pin "HEX0[1]" is stuck at GND File: C:/Users/Josh/Documents/HW/EELE/Lab/10.1/top.vhd Line: 11
    Warning (13410): Pin "HEX0[2]" is stuck at GND File: C:/Users/Josh/Documents/HW/EELE/Lab/10.1/top.vhd Line: 11
    Warning (13410): Pin "HEX0[3]" is stuck at GND File: C:/Users/Josh/Documents/HW/EELE/Lab/10.1/top.vhd Line: 11
    Warning (13410): Pin "HEX0[4]" is stuck at GND File: C:/Users/Josh/Documents/HW/EELE/Lab/10.1/top.vhd Line: 11
    Warning (13410): Pin "HEX0[5]" is stuck at GND File: C:/Users/Josh/Documents/HW/EELE/Lab/10.1/top.vhd Line: 11
    Warning (13410): Pin "HEX0[6]" is stuck at VCC File: C:/Users/Josh/Documents/HW/EELE/Lab/10.1/top.vhd Line: 11
    Warning (13410): Pin "HEX1[0]" is stuck at GND File: C:/Users/Josh/Documents/HW/EELE/Lab/10.1/top.vhd Line: 12
    Warning (13410): Pin "HEX1[1]" is stuck at GND File: C:/Users/Josh/Documents/HW/EELE/Lab/10.1/top.vhd Line: 12
    Warning (13410): Pin "HEX1[2]" is stuck at GND File: C:/Users/Josh/Documents/HW/EELE/Lab/10.1/top.vhd Line: 12
    Warning (13410): Pin "HEX1[3]" is stuck at GND File: C:/Users/Josh/Documents/HW/EELE/Lab/10.1/top.vhd Line: 12
    Warning (13410): Pin "HEX1[4]" is stuck at GND File: C:/Users/Josh/Documents/HW/EELE/Lab/10.1/top.vhd Line: 12
    Warning (13410): Pin "HEX1[5]" is stuck at GND File: C:/Users/Josh/Documents/HW/EELE/Lab/10.1/top.vhd Line: 12
    Warning (13410): Pin "HEX1[6]" is stuck at VCC File: C:/Users/Josh/Documents/HW/EELE/Lab/10.1/top.vhd Line: 12
    Warning (13410): Pin "HEX2[0]" is stuck at VCC File: C:/Users/Josh/Documents/HW/EELE/Lab/10.1/top.vhd Line: 13
    Warning (13410): Pin "HEX2[1]" is stuck at VCC File: C:/Users/Josh/Documents/HW/EELE/Lab/10.1/top.vhd Line: 13
    Warning (13410): Pin "HEX2[2]" is stuck at VCC File: C:/Users/Josh/Documents/HW/EELE/Lab/10.1/top.vhd Line: 13
    Warning (13410): Pin "HEX2[3]" is stuck at VCC File: C:/Users/Josh/Documents/HW/EELE/Lab/10.1/top.vhd Line: 13
    Warning (13410): Pin "HEX2[4]" is stuck at VCC File: C:/Users/Josh/Documents/HW/EELE/Lab/10.1/top.vhd Line: 13
    Warning (13410): Pin "HEX2[5]" is stuck at VCC File: C:/Users/Josh/Documents/HW/EELE/Lab/10.1/top.vhd Line: 13
    Warning (13410): Pin "HEX2[6]" is stuck at VCC File: C:/Users/Josh/Documents/HW/EELE/Lab/10.1/top.vhd Line: 13
    Warning (13410): Pin "HEX3[0]" is stuck at VCC File: C:/Users/Josh/Documents/HW/EELE/Lab/10.1/top.vhd Line: 14
    Warning (13410): Pin "HEX3[1]" is stuck at VCC File: C:/Users/Josh/Documents/HW/EELE/Lab/10.1/top.vhd Line: 14
    Warning (13410): Pin "HEX3[2]" is stuck at VCC File: C:/Users/Josh/Documents/HW/EELE/Lab/10.1/top.vhd Line: 14
    Warning (13410): Pin "HEX3[3]" is stuck at VCC File: C:/Users/Josh/Documents/HW/EELE/Lab/10.1/top.vhd Line: 14
    Warning (13410): Pin "HEX3[4]" is stuck at VCC File: C:/Users/Josh/Documents/HW/EELE/Lab/10.1/top.vhd Line: 14
    Warning (13410): Pin "HEX3[5]" is stuck at VCC File: C:/Users/Josh/Documents/HW/EELE/Lab/10.1/top.vhd Line: 14
    Warning (13410): Pin "HEX3[6]" is stuck at VCC File: C:/Users/Josh/Documents/HW/EELE/Lab/10.1/top.vhd Line: 14
    Warning (13410): Pin "HEX4[0]" is stuck at GND File: C:/Users/Josh/Documents/HW/EELE/Lab/10.1/top.vhd Line: 15
    Warning (13410): Pin "HEX4[1]" is stuck at GND File: C:/Users/Josh/Documents/HW/EELE/Lab/10.1/top.vhd Line: 15
    Warning (13410): Pin "HEX4[2]" is stuck at GND File: C:/Users/Josh/Documents/HW/EELE/Lab/10.1/top.vhd Line: 15
    Warning (13410): Pin "HEX4[3]" is stuck at GND File: C:/Users/Josh/Documents/HW/EELE/Lab/10.1/top.vhd Line: 15
    Warning (13410): Pin "HEX4[4]" is stuck at GND File: C:/Users/Josh/Documents/HW/EELE/Lab/10.1/top.vhd Line: 15
    Warning (13410): Pin "HEX4[5]" is stuck at GND File: C:/Users/Josh/Documents/HW/EELE/Lab/10.1/top.vhd Line: 15
    Warning (13410): Pin "HEX4[6]" is stuck at VCC File: C:/Users/Josh/Documents/HW/EELE/Lab/10.1/top.vhd Line: 15
    Warning (13410): Pin "HEX5[0]" is stuck at GND File: C:/Users/Josh/Documents/HW/EELE/Lab/10.1/top.vhd Line: 16
    Warning (13410): Pin "HEX5[1]" is stuck at GND File: C:/Users/Josh/Documents/HW/EELE/Lab/10.1/top.vhd Line: 16
    Warning (13410): Pin "HEX5[2]" is stuck at GND File: C:/Users/Josh/Documents/HW/EELE/Lab/10.1/top.vhd Line: 16
    Warning (13410): Pin "HEX5[3]" is stuck at GND File: C:/Users/Josh/Documents/HW/EELE/Lab/10.1/top.vhd Line: 16
    Warning (13410): Pin "HEX5[4]" is stuck at GND File: C:/Users/Josh/Documents/HW/EELE/Lab/10.1/top.vhd Line: 16
    Warning (13410): Pin "HEX5[5]" is stuck at VCC File: C:/Users/Josh/Documents/HW/EELE/Lab/10.1/top.vhd Line: 16
    Warning (13410): Pin "HEX5[6]" is stuck at VCC File: C:/Users/Josh/Documents/HW/EELE/Lab/10.1/top.vhd Line: 16
    Warning (13410): Pin "GPIO_1[0]" is stuck at GND File: C:/Users/Josh/Documents/HW/EELE/Lab/10.1/top.vhd Line: 17
    Warning (13410): Pin "GPIO_1[1]" is stuck at GND File: C:/Users/Josh/Documents/HW/EELE/Lab/10.1/top.vhd Line: 17
    Warning (13410): Pin "GPIO_1[2]" is stuck at GND File: C:/Users/Josh/Documents/HW/EELE/Lab/10.1/top.vhd Line: 17
    Warning (13410): Pin "GPIO_1[3]" is stuck at GND File: C:/Users/Josh/Documents/HW/EELE/Lab/10.1/top.vhd Line: 17
    Warning (13410): Pin "GPIO_1[4]" is stuck at GND File: C:/Users/Josh/Documents/HW/EELE/Lab/10.1/top.vhd Line: 17
    Warning (13410): Pin "GPIO_1[5]" is stuck at GND File: C:/Users/Josh/Documents/HW/EELE/Lab/10.1/top.vhd Line: 17
    Warning (13410): Pin "GPIO_1[6]" is stuck at GND File: C:/Users/Josh/Documents/HW/EELE/Lab/10.1/top.vhd Line: 17
    Warning (13410): Pin "GPIO_1[7]" is stuck at GND File: C:/Users/Josh/Documents/HW/EELE/Lab/10.1/top.vhd Line: 17
    Warning (13410): Pin "GPIO_1[8]" is stuck at GND File: C:/Users/Josh/Documents/HW/EELE/Lab/10.1/top.vhd Line: 17
    Warning (13410): Pin "GPIO_1[9]" is stuck at GND File: C:/Users/Josh/Documents/HW/EELE/Lab/10.1/top.vhd Line: 17
    Warning (13410): Pin "GPIO_1[10]" is stuck at GND File: C:/Users/Josh/Documents/HW/EELE/Lab/10.1/top.vhd Line: 17
    Warning (13410): Pin "GPIO_1[11]" is stuck at GND File: C:/Users/Josh/Documents/HW/EELE/Lab/10.1/top.vhd Line: 17
    Warning (13410): Pin "GPIO_1[12]" is stuck at GND File: C:/Users/Josh/Documents/HW/EELE/Lab/10.1/top.vhd Line: 17
    Warning (13410): Pin "GPIO_1[13]" is stuck at GND File: C:/Users/Josh/Documents/HW/EELE/Lab/10.1/top.vhd Line: 17
Info (286030): Timing-Driven Synthesis is running
Critical Warning (18061): Ignored Power-Up Level option on the following registers
    Critical Warning (18010): Register clock_div_prec:clk|current[31] will power up to Low File: C:/Users/Josh/Documents/HW/EELE/Lab/10.1/clock_div_prec.vhd Line: 34
    Critical Warning (18010): Register clock_div_prec:clk|current[0] will power up to Low File: C:/Users/Josh/Documents/HW/EELE/Lab/10.1/clock_div_prec.vhd Line: 34
Info (16010): Generating hard_block partition "hard_block:auto_generated_inst"
    Info (16011): Adding 0 node(s), including 0 DDIO, 0 PLL, 0 transceiver and 0 LCELL
Warning (21074): Design contains 2 input pin(s) that do not drive logic
    Warning (15610): No output dependent on input pin "SW[2]" File: C:/Users/Josh/Documents/HW/EELE/Lab/10.1/top.vhd Line: 9
    Warning (15610): No output dependent on input pin "SW[3]" File: C:/Users/Josh/Documents/HW/EELE/Lab/10.1/top.vhd Line: 9
Info (21057): Implemented 127 device resources after synthesis - the final resource count might be different
    Info (21058): Implemented 6 input pins
    Info (21059): Implemented 67 output pins
    Info (21061): Implemented 54 logic cells
Info: Quartus Prime Analysis & Synthesis was successful. 0 errors, 75 warnings
    Info: Peak virtual memory: 4868 megabytes
    Info: Processing ended: Thu Mar 07 19:14:32 2019
    Info: Elapsed time: 00:00:20
    Info: Total CPU time (on all processors): 00:00:37


